<?xml version="1.0" encoding="UTF-8"?>
<!-- Generated by org.testng.reporters.JUnitReportReporter -->
<testsuite hostname="DESKTOP-J77L1O0" failures="0" tests="1" name="Spotify.SpotifyAPIs.SpotifyAPITest" time="4.918" errors="0" timestamp="2022-07-27T14:56:29 IST" skipped="0">
  <testcase classname="Spotify.SpotifyAPIs.SpotifyAPITest" name="test_get_current_users_profile" time="4.918"/>
  <system-out/>
</testsuite> <!-- Spotify.SpotifyAPIs.SpotifyAPITest -->
